This is pdfTeX, Version 3.14159265-2.6-1.40.16 (TeX Live 2015) (preloaded format=pdflatex 2015.5.24)  13 NOV 2018 22:29
entering extended mode
 \write18 enabled.
 file:line:error style messages enabled.
 %&-line parsing enabled.
**7.tex
(./7.tex
LaTeX2e <2015/01/01>
Babel <3.9l> and hyphenation patterns for 79 languages loaded.
(/usr/local/texlive/2015/texmf-dist/tex/latex/base/article.cls
Document Class: article 2014/09/29 v1.4h Standard LaTeX document class
(/usr/local/texlive/2015/texmf-dist/tex/latex/base/size10.clo
File: size10.clo 2014/09/29 v1.4h Standard LaTeX file (size option)
)
\c@part=\count79
\c@section=\count80
\c@subsection=\count81
\c@subsubsection=\count82
\c@paragraph=\count83
\c@subparagraph=\count84
\c@figure=\count85
\c@table=\count86
\abovecaptionskip=\skip41
\belowcaptionskip=\skip42
\bibindent=\dimen102
) (./7.aux)
\openout1 = `7.aux'.

LaTeX Font Info:    Checking defaults for OML/cmm/m/it on input line 5.
LaTeX Font Info:    ... okay on input line 5.
LaTeX Font Info:    Checking defaults for T1/cmr/m/n on input line 5.
LaTeX Font Info:    ... okay on input line 5.
LaTeX Font Info:    Checking defaults for OT1/cmr/m/n on input line 5.
LaTeX Font Info:    ... okay on input line 5.
LaTeX Font Info:    Checking defaults for OMS/cmsy/m/n on input line 5.
LaTeX Font Info:    ... okay on input line 5.
LaTeX Font Info:    Checking defaults for OMX/cmex/m/n on input line 5.
LaTeX Font Info:    ... okay on input line 5.
LaTeX Font Info:    Checking defaults for U/cmr/m/n on input line 5.
LaTeX Font Info:    ... okay on input line 5.
LaTeX Font Info:    Try loading font information for OMS+cmr on input line 8.
 (/usr/local/texlive/2015/texmf-dist/tex/latex/base/omscmr.fd
File: omscmr.fd 2014/09/29 v2.5h Standard LaTeX font definitions
)
LaTeX Font Info:    Font shape `OMS/cmr/m/n' in size <10> not available
(Font)              Font shape `OMS/cmsy/m/n' tried instead on input line 8.

./7.tex:11: Missing $ inserted.
<inserted text> 
                $
l.11 ... not the distance. So I used an unordered_
                                                  map; But we can have multi...
I've inserted a begin-math/end-math symbol since I think
you left one out. Proceed, with fingers crossed.

LaTeX Font Info:    External font `cmex10' loaded for size
(Font)              <7> on input line 11.
LaTeX Font Info:    External font `cmex10' loaded for size
(Font)              <5> on input line 11.

./7.tex:12: LaTeX Error: Command \item invalid in math mode.

See the LaTeX manual or LaTeX Companion for explanation.
Type  H <return>  for immediate help.
 ...                                              
                                                  
l.12 	\item
            Q2: Given a 2D grid of cells with 3 possible values, 1 (road-con...
Try typing  <return>  to proceed.
If that doesn't work, type  X <return>  to quit.


./7.tex:12: LaTeX Error: Something's wrong--perhaps a missing \item.

See the LaTeX manual or LaTeX Companion for explanation.
Type  H <return>  for immediate help.
 ...                                              
                                                  
l.12 	\item Q
             2: Given a 2D grid of cells with 3 possible values, 1 (road-con...
Try typing  <return>  to proceed.
If that doesn't work, type  X <return>  to quit.


./7.tex:12: LaTeX Error: Something's wrong--perhaps a missing \item.

See the LaTeX manual or LaTeX Companion for explanation.
Type  H <return>  for immediate help.
 ...                                              
                                                  
l.12 	\item Q
             2: Given a 2D grid of cells with 3 possible values, 1 (road-con...
Try typing  <return>  to proceed.
If that doesn't work, type  X <return>  to quit.


./7.tex:13: LaTeX Error: Command \item invalid in math mode.

See the LaTeX manual or LaTeX Companion for explanation.
Type  H <return>  for immediate help.
 ...                                              
                                                  
l.13 	\item
            A2: I used a recursion approach. Each time we have a choice to r...
Try typing  <return>  to proceed.
If that doesn't work, type  X <return>  to quit.

./7.tex:13: Missing $ inserted.
<inserted text> 
                $
l.13 	\item A
             2: I used a recursion approach. Each time we have a choice to r...
I've inserted a begin-math/end-math symbol since I think
you left one out. Proceed, with fingers crossed.

./7.tex:13: Missing } inserted.
<inserted text> 
                }
l.13 	\item A
             2: I used a recursion approach. Each time we have a choice to r...
I've inserted something that you may have forgotten.
(See the <inserted text> above.)
With luck, this will get me unwedged. But if you
really didn't forget anything, try typing `2' now; then
my insertion and my current dilemma will both disappear.


Overfull \hbox (1243.24536pt too wide) in paragraph at lines 11--13
\OT1/cmr/m/n/10 So I used an unordered$[]\OML/cmm/m/it/10 ap\OT1/cmr/m/n/10 ; \OML/cmm/m/it/10 Butwecanhavemultipleplacesatthesamedistance; soIusedunorderedmultimap:Ipassedalltestcases:OnebigmistakethatImadewas; duringmy\OT1/cmr/m/n/10 "\OML/cmm/m/it/10 describeapproach\OT1/cmr/m/n/10 "\OML/cmm/m/it/10 ; isaidtheruntimecomplexitywasO\OT1/cmr/m/n/10 (\OML/cmm/m/it/10 NlogN\OT1/cmr/m/n/10 )\OML/cmm/m/it/10 asIforgotthatformingaheapisonlyO\OT1/cmr/m/n/10 (\OML/cmm/m/it/10 logN\OT1/cmr/m/n/10 )\OML/cmm/m/it/10 andeachpopisO\OT1/cmr/m/n/10 (\OML/cmm/m/it/10 logN\OT1/cmr/m/n/10 )\OML/cmm/m/it/10 :Stupidme:Ishouldhavehandledthetimepressurebetter:Q\OT1/cmr/m/n/10 2 :
 []


Overfull \hbox (269.88371pt too wide) in paragraph at lines 11--13
\OML/cmm/m/it/10 Givena\OT1/cmr/m/n/10 2\OML/cmm/m/it/10 Dgridofcellswith\OT1/cmr/m/n/10 3\OML/cmm/m/it/10 possiblevalues; \OT1/cmr/m/n/10 1(\OML/cmm/m/it/10 road \OMS/cmsy/m/n/10 ^^@ \OML/cmm/m/it/10 connected\OT1/cmr/m/n/10 )\OML/cmm/m/it/10 ; \OT1/cmr/m/n/10 0(\OML/cmm/m/it/10 noroad\OT1/cmr/m/n/10 )\OML/cmm/m/it/10 and\OT1/cmr/m/n/10 9(\OML/cmm/m/it/10 destination\OT1/cmr/m/n/10 )\OML/cmm/m/it/10 ; findthedistancetothedestinationifexists:[][]$ 
 []

./7.tex:13: Extra }, or forgotten \endgroup.
\par ...m \@noitemerr {\@@par }\fi \else {\@@par }
                                                  \fi 
l.13 	\item A
             2: I used a recursion approach. Each time we have a choice to r...
I've deleted a group-closing symbol because it seems to be
spurious, as in `$x}$'. But perhaps the } is legitimate and
you forgot something else, as in `\hbox{$x}'. In such cases
the way to recover is to insert both the forgotten and the
deleted material, e.g., by typing `I$}'.

./7.tex:13: Missing $ inserted.
<inserted text> 
                $
l.13 ... rows, n cols, computation complexity O(2^
                                                  max(m, n)). In my "describ...
I've inserted a begin-math/end-math symbol since I think
you left one out. Proceed, with fingers crossed.


./7.tex:14: LaTeX Error: Command \end{itemize} invalid in math mode.

See the LaTeX manual or LaTeX Companion for explanation.
Type  H <return>  for immediate help.
 ...                                              
                                                  
l.14 \end{itemize}
                  
Try typing  <return>  to proceed.
If that doesn't work, type  X <return>  to quit.


./7.tex:14: LaTeX Error: Something's wrong--perhaps a missing \item.

See the LaTeX manual or LaTeX Companion for explanation.
Type  H <return>  for immediate help.
 ...                                              
                                                  
l.14 \end{itemize}
                  
Try typing  <return>  to proceed.
If that doesn't work, type  X <return>  to quit.


./7.tex:14: LaTeX Error: Something's wrong--perhaps a missing \item.

See the LaTeX manual or LaTeX Companion for explanation.
Type  H <return>  for immediate help.
 ...                                              
                                                  
l.14 \end{itemize}
                  
Try typing  <return>  to proceed.
If that doesn't work, type  X <return>  to quit.

./7.tex:14: Missing $ inserted.
<inserted text> 
                $
l.14 \end{itemize}
                  
I've inserted something that you may have forgotten.
(See the <inserted text> above.)
With luck, this will get me unwedged. But if you
really didn't forget anything, try typing `2' now; then
my insertion and my current dilemma will both disappear.


Overfull \hbox (56.39891pt too wide) in paragraph at lines 13--15
\OT1/cmr/m/n/10 O(2$[]\OML/cmm/m/it/10 ax\OT1/cmr/m/n/10 (\OML/cmm/m/it/10 m; n\OT1/cmr/m/n/10 ))\OML/cmm/m/it/10 :Inmy\OT1/cmr/m/n/10 "\OML/cmm/m/it/10 describeapproach\OT1/cmr/m/n/10 "\OML/cmm/m/it/10 ; italkedabouthowDPcansolvetheoverlappingsub \OMS/cmsy/m/n/10 ^^@
 []


Overfull \hbox (0.78319pt too wide) in paragraph at lines 13--15
\OML/cmm/m/it/10 problemstodecreasethecomplexitysignificantly:ButIfailed\OT1/cmr/m/n/10 5\OML/cmm/m/it/10 testcasesoutof\OT1/cmr/m/n/10 15\OML/cmm/m/it/10 :$ 
 []

[1

{/usr/local/texlive/2015/texmf-var/fonts/map/pdftex/updmap/pdftex.map}] (./7.aux) ) 
Here is how much of TeX's memory you used:
 220 strings out of 493089
 2444 string characters out of 6134842
 56199 words of memory out of 5000000
 3788 multiletter control sequences out of 15000+600000
 3640 words of font info for 14 fonts, out of 8000000 for 9000
 1141 hyphenation exceptions out of 8191
 23i,4n,19p,628b,143s stack positions out of 5000i,500n,10000p,200000b,80000s
</usr/local/texlive/2015/texmf-dist/fonts/type1/public/amsfonts/cm/cmmi10.pfb></usr/local/texlive/2015/texmf-dist/fonts/type1/public/amsfonts/cm/cmmi7.pfb></usr/local/texlive/2015/texmf-dist/fonts/type1/public/amsfonts/cm/cmr10.pfb></usr/local/texlive/2015/texmf-dist/fonts/type1/public/amsfonts/cm/cmsy10.pfb>
Output written on 7.pdf (1 page, 50889 bytes).
PDF statistics:
 24 PDF objects out of 1000 (max. 8388607)
 16 compressed objects within 1 object stream
 0 named destinations out of 1000 (max. 500000)
 1 words of extra memory for PDF output out of 10000 (max. 10000000)

